2024-10-19 06:43:20,010 - File uploaded: sample_csv.csv by user: clmits
2024-10-19 06:51:42,029 - File uploaded: sample_csv.csv by user: clmits
2024-10-19 07:03:01,857 - File uploaded: sample_csv.csv by user: clmits
2024-10-19 07:03:16,359 - File uploaded: sample_csv.csv by user: clmits
2024-10-19 07:05:58,279 - Not Found: /favicon.ico
2024-10-19 07:05:58,945 - Not Found: /favicon.ico
2024-10-19 07:06:05,937 - Not Found: /accounts/profile/
2024-10-19 07:08:10,924 - Not Found: /accounts/profile/
2024-10-19 07:08:42,463 - C:\Users\chris\Documents\QuickieTuts\django_sample\Django_Learning\proj\settings.py changed, reloading.
2024-10-19 07:08:44,262 - C:\Users\chris\Documents\QuickieTuts\django_sample\Django_Learning\proj\settings.py changed, reloading.
2024-10-19 07:09:26,982 - C:\Users\chris\Documents\QuickieTuts\django_sample\Django_Learning\app\views.py changed, reloading.
2024-10-19 07:13:21,454 - Not Found: /favicon.ico
2024-10-19 07:13:21,647 - Not Found: /favicon.ico
2024-10-19 07:13:21,799 - Not Found: /favicon.ico
2024-10-19 07:13:44,860 - Not Found: /favicon.ico
2024-10-19 07:14:49,561 - Not Found: /favicon.ico
2024-10-19 07:14:58,453 - Not Found: /favicon.ico
2024-10-19 07:16:40,853 - File uploaded: sample_csv.csv by user: chris
2024-10-19 10:06:11,661 - Not Found: /logindaw/
2024-10-26 10:01:46,799 - Not Found: /favicon.ico
2024-10-26 10:04:21,790 - C:\Users\chris\Documents\QuickieTuts\django_sample\Django_Learning\app\views.py changed, reloading.
2024-10-26 10:05:59,487 - C:\Users\chris\Documents\QuickieTuts\django_sample\Django_Learning\app\views.py changed, reloading.
2024-10-26 10:07:10,213 - C:\Users\chris\Documents\QuickieTuts\django_sample\Django_Learning\app\views.py changed, reloading.
2024-10-26 10:08:31,361 - C:\Users\chris\Documents\QuickieTuts\django_sample\Django_Learning\app\views.py changed, reloading.
2024-10-26 10:12:43,659 - C:\Users\chris\Documents\QuickieTuts\django_sample\Django_Learning\app\views.py changed, reloading.
2024-10-26 10:14:08,170 - C:\Users\chris\Documents\QuickieTuts\django_sample\Django_Learning\proj\settings.py changed, reloading.
2024-10-26 10:14:20,862 - C:\Users\chris\Documents\QuickieTuts\django_sample\Django_Learning\proj\settings.py changed, reloading.
2024-10-26 10:14:45,397 - C:\Users\chris\Documents\QuickieTuts\django_sample\Django_Learning\proj\settings.py changed, reloading.
2024-10-26 10:14:50,838 - C:\Users\chris\Documents\QuickieTuts\django_sample\Django_Learning\proj\settings.py changed, reloading.
2024-10-26 10:15:17,863 - C:\Users\chris\Documents\QuickieTuts\django_sample\Django_Learning\app\urls.py changed, reloading.
2024-10-26 10:15:24,277 - C:\Users\chris\Documents\QuickieTuts\django_sample\Django_Learning\proj\settings.py changed, reloading.
2024-10-26 10:15:39,140 - Not Found: /favicon.ico
2024-10-26 10:15:39,787 - Not Found: /favicon.ico
2024-10-26 10:15:40,136 - Not Found: /favicon.ico
2024-10-26 10:15:40,342 - Not Found: /favicon.ico
2024-10-26 10:15:40,614 - Not Found: /favicon.ico
2024-10-26 10:15:45,405 - Not Found: /
2024-10-26 10:16:11,076 - C:\Users\chris\Documents\QuickieTuts\django_sample\Django_Learning\app\urls.py changed, reloading.
2024-10-26 10:16:19,732 - C:\Users\chris\Documents\QuickieTuts\django_sample\Django_Learning\proj\settings.py changed, reloading.
2024-10-26 10:16:25,878 - C:\Users\chris\Documents\QuickieTuts\django_sample\Django_Learning\proj\settings.py changed, reloading.
2024-10-26 10:16:36,931 - C:\Users\chris\Documents\QuickieTuts\django_sample\Django_Learning\proj\settings.py changed, reloading.
2024-10-26 10:17:40,003 - C:\Users\chris\Documents\QuickieTuts\django_sample\Django_Learning\proj\settings.py changed, reloading.
2024-10-26 10:28:14,546 - File uploaded: sample_csv.csv by user: chris
2024-10-26 10:32:26,482 - C:\Users\chris\Documents\QuickieTuts\django_sample\Django_Learning\app\views.py changed, reloading.
2024-10-26 10:32:43,320 - C:\Users\chris\Documents\QuickieTuts\django_sample\Django_Learning\app\views.py changed, reloading.
2024-10-26 10:33:01,059 - File uploaded: sample_csv.csv by user: Anonymous
2024-10-26 10:35:30,038 - C:\Users\chris\Documents\QuickieTuts\django_sample\Django_Learning\app\views.py changed, reloading.
2024-10-26 10:35:34,925 - C:\Users\chris\Documents\QuickieTuts\django_sample\Django_Learning\app\views.py changed, reloading.
2024-10-26 10:36:00,318 - Not Found: /upload_csv
2024-10-26 10:36:23,589 - C:\Users\chris\Documents\QuickieTuts\django_sample\Django_Learning\app\views.py changed, reloading.
